<?xml version="1.0" encoding="UTF-8"?>
<!-- Generated by org.testng.reporters.JUnitXMLReporter -->
<testsuite ignored="0" hostname="LAPTOP-UN0G5FL5" failures="0" tests="4" name="Default test" time="16.55" errors="0" timestamp="2023-10-12T16:04:49 IST">
  <testcase classname="com.redbus.qa.testpages.Homepagetest" name="testTitle" time="0.016"/>
  <testcase classname="com.redbus.qa.testpages.Homepagetest" name="testsource" time="0.079"/>
  <testcase classname="com.redbus.qa.testpages.Homepagetest" name="testdestination" time="0.076"/>
  <testcase classname="com.redbus.qa.testpages.Homepagetest" name="testdate" time="0.113"/>
</testsuite> <!-- Default test -->
