<?xml version="1.0" encoding="UTF-8"?>
<!-- Generated by org.testng.reporters.JUnitXMLReporter -->
<testsuite ignored="0" hostname="LAPTOP-UN0G5FL5" failures="0" tests="5" name="RedBusPOMFramework" time="67.137" errors="0" timestamp="2023-10-12T17:44:18 IST">
  <testcase classname="com.redbus.qa.testpages.Homepagetest" name="testTitle" time="5.021"/>
  <testcase classname="com.redbus.qa.testpages.Homepagetest" name="testsource" time="11.783"/>
  <testcase classname="com.redbus.qa.testpages.Homepagetest" name="testdestination" time="10.145"/>
  <testcase classname="com.redbus.qa.testpages.Homepagetest" name="testdate" time="12.892"/>
  <testcase classname="com.redbus.qa.testpages.Homepagetest" name="testsearch" time="10.088"/>
</testsuite> <!-- RedBusPOMFramework -->
