<?xml version="1.0" encoding="UTF-8"?>
<testng-results ignored="0" total="5" passed="5" failed="0" skipped="0">
  <reporter-output>
  </reporter-output>
  <suite started-at="2023-10-12T17:43:11 IST" name="Test1" finished-at="2023-10-12T17:44:18 IST" duration-ms="67137">
    <groups>
    </groups>
    <test started-at="2023-10-12T17:43:11 IST" name="RedBusPOMFramework" finished-at="2023-10-12T17:44:18 IST" duration-ms="67137">
      <class name="com.redbus.qa.testpages.Homepagetest">
        <test-method is-config="true" signature="InitalizeExtentReport()[pri:0, instance:com.redbus.qa.testpages.Homepagetest@209da20d]" started-at="2023-10-12T17:43:11 IST" name="InitalizeExtentReport" finished-at="2023-10-12T17:43:11 IST" duration-ms="237" status="PASS">
          <reporter-output>
          </reporter-output>
        </test-method> <!-- InitalizeExtentReport -->
        <test-method is-config="true" signature="getnameMethod(org.testng.ITestContext)[pri:0, instance:com.redbus.qa.testpages.Homepagetest@209da20d]" started-at="2023-10-12T17:43:11 IST" name="getnameMethod" finished-at="2023-10-12T17:43:11 IST" duration-ms="8" status="PASS">
          <params>
            <param index="0">
              <value>
                <![CDATA[org.testng.TestRunner@4373f66f]]>
              </value>
            </param>
          </params>
          <reporter-output>
          </reporter-output>
        </test-method> <!-- getnameMethod -->
        <test-method is-config="true" signature="OpenApp()[pri:0, instance:com.redbus.qa.testpages.Homepagetest@209da20d]" started-at="2023-10-12T17:43:11 IST" name="OpenApp" finished-at="2023-10-12T17:43:17 IST" duration-ms="5648" status="PASS">
          <reporter-output>
          </reporter-output>
        </test-method> <!-- OpenApp -->
        <test-method signature="testTitle()[pri:49, instance:com.redbus.qa.testpages.Homepagetest@209da20d]" started-at="2023-10-12T17:43:17 IST" name="testTitle" finished-at="2023-10-12T17:43:22 IST" duration-ms="5021" status="PASS">
          <reporter-output>
          </reporter-output>
        </test-method> <!-- testTitle -->
        <test-method is-config="true" signature="CloseApp()[pri:0, instance:com.redbus.qa.testpages.Homepagetest@209da20d]" started-at="2023-10-12T17:43:22 IST" name="CloseApp" finished-at="2023-10-12T17:43:22 IST" duration-ms="241" status="PASS">
          <reporter-output>
          </reporter-output>
        </test-method> <!-- CloseApp -->
        <test-method is-config="true" signature="OpenApp()[pri:0, instance:com.redbus.qa.testpages.Homepagetest@209da20d]" started-at="2023-10-12T17:43:22 IST" name="OpenApp" finished-at="2023-10-12T17:43:23 IST" duration-ms="1646" status="PASS">
          <reporter-output>
          </reporter-output>
        </test-method> <!-- OpenApp -->
        <test-method is-config="true" signature="generateTestStatus(java.lang.reflect.Method,org.testng.ITestResult)[pri:0, instance:com.redbus.qa.testpages.Homepagetest@209da20d]" started-at="2023-10-12T17:43:22 IST" name="generateTestStatus" finished-at="2023-10-12T17:43:22 IST" duration-ms="0" status="PASS">
          <params>
            <param index="0">
              <value>
                <![CDATA[public void com.redbus.qa.testpages.Homepagetest.testTitle() throws java.lang.InterruptedException]]>
              </value>
            </param>
            <param index="1">
              <value>
                <![CDATA[[TestResult name=testTitle status=SUCCESS method=Homepagetest.testTitle()[pri:49, instance:com.redbus.qa.testpages.Homepagetest@209da20d] output={null}]]]>
              </value>
            </param>
          </params>
          <reporter-output>
          </reporter-output>
        </test-method> <!-- generateTestStatus -->
        <test-method signature="testsource()[pri:50, instance:com.redbus.qa.testpages.Homepagetest@209da20d]" started-at="2023-10-12T17:43:23 IST" name="testsource" finished-at="2023-10-12T17:43:35 IST" duration-ms="11783" status="PASS">
          <reporter-output>
          </reporter-output>
        </test-method> <!-- testsource -->
        <test-method is-config="true" signature="CloseApp()[pri:0, instance:com.redbus.qa.testpages.Homepagetest@209da20d]" started-at="2023-10-12T17:43:35 IST" name="CloseApp" finished-at="2023-10-12T17:43:36 IST" duration-ms="278" status="PASS">
          <reporter-output>
          </reporter-output>
        </test-method> <!-- CloseApp -->
        <test-method is-config="true" signature="generateTestStatus(java.lang.reflect.Method,org.testng.ITestResult)[pri:0, instance:com.redbus.qa.testpages.Homepagetest@209da20d]" started-at="2023-10-12T17:43:36 IST" name="generateTestStatus" finished-at="2023-10-12T17:43:36 IST" duration-ms="0" status="PASS">
          <params>
            <param index="0">
              <value>
                <![CDATA[public void com.redbus.qa.testpages.Homepagetest.testsource() throws java.lang.InterruptedException]]>
              </value>
            </param>
            <param index="1">
              <value>
                <![CDATA[[TestResult name=testsource status=SUCCESS method=Homepagetest.testsource()[pri:50, instance:com.redbus.qa.testpages.Homepagetest@209da20d] output={null}]]]>
              </value>
            </param>
          </params>
          <reporter-output>
          </reporter-output>
        </test-method> <!-- generateTestStatus -->
        <test-method is-config="true" signature="OpenApp()[pri:0, instance:com.redbus.qa.testpages.Homepagetest@209da20d]" started-at="2023-10-12T17:43:36 IST" name="OpenApp" finished-at="2023-10-12T17:43:39 IST" duration-ms="3635" status="PASS">
          <reporter-output>
          </reporter-output>
        </test-method> <!-- OpenApp -->
        <test-method signature="testdestination()[pri:51, instance:com.redbus.qa.testpages.Homepagetest@209da20d]" started-at="2023-10-12T17:43:39 IST" name="testdestination" finished-at="2023-10-12T17:43:49 IST" duration-ms="10145" status="PASS">
          <reporter-output>
          </reporter-output>
        </test-method> <!-- testdestination -->
        <test-method is-config="true" signature="CloseApp()[pri:0, instance:com.redbus.qa.testpages.Homepagetest@209da20d]" started-at="2023-10-12T17:43:49 IST" name="CloseApp" finished-at="2023-10-12T17:43:50 IST" duration-ms="252" status="PASS">
          <reporter-output>
          </reporter-output>
        </test-method> <!-- CloseApp -->
        <test-method is-config="true" signature="generateTestStatus(java.lang.reflect.Method,org.testng.ITestResult)[pri:0, instance:com.redbus.qa.testpages.Homepagetest@209da20d]" started-at="2023-10-12T17:43:50 IST" name="generateTestStatus" finished-at="2023-10-12T17:43:50 IST" duration-ms="0" status="PASS">
          <params>
            <param index="0">
              <value>
                <![CDATA[public void com.redbus.qa.testpages.Homepagetest.testdestination() throws java.lang.InterruptedException]]>
              </value>
            </param>
            <param index="1">
              <value>
                <![CDATA[[TestResult name=testdestination status=SUCCESS method=Homepagetest.testdestination()[pri:51, instance:com.redbus.qa.testpages.Homepagetest@209da20d] output={null}]]]>
              </value>
            </param>
          </params>
          <reporter-output>
          </reporter-output>
        </test-method> <!-- generateTestStatus -->
        <test-method is-config="true" signature="OpenApp()[pri:0, instance:com.redbus.qa.testpages.Homepagetest@209da20d]" started-at="2023-10-12T17:43:50 IST" name="OpenApp" finished-at="2023-10-12T17:43:51 IST" duration-ms="1668" status="PASS">
          <reporter-output>
          </reporter-output>
        </test-method> <!-- OpenApp -->
        <test-method signature="testdate()[pri:52, instance:com.redbus.qa.testpages.Homepagetest@209da20d]" started-at="2023-10-12T17:43:51 IST" name="testdate" finished-at="2023-10-12T17:44:04 IST" duration-ms="12892" status="PASS">
          <reporter-output>
          </reporter-output>
        </test-method> <!-- testdate -->
        <test-method is-config="true" signature="CloseApp()[pri:0, instance:com.redbus.qa.testpages.Homepagetest@209da20d]" started-at="2023-10-12T17:44:04 IST" name="CloseApp" finished-at="2023-10-12T17:44:04 IST" duration-ms="240" status="PASS">
          <reporter-output>
          </reporter-output>
        </test-method> <!-- CloseApp -->
        <test-method is-config="true" signature="generateTestStatus(java.lang.reflect.Method,org.testng.ITestResult)[pri:0, instance:com.redbus.qa.testpages.Homepagetest@209da20d]" started-at="2023-10-12T17:44:04 IST" name="generateTestStatus" finished-at="2023-10-12T17:44:04 IST" duration-ms="0" status="PASS">
          <params>
            <param index="0">
              <value>
                <![CDATA[public void com.redbus.qa.testpages.Homepagetest.testdate() throws java.lang.InterruptedException]]>
              </value>
            </param>
            <param index="1">
              <value>
                <![CDATA[[TestResult name=testdate status=SUCCESS method=Homepagetest.testdate()[pri:52, instance:com.redbus.qa.testpages.Homepagetest@209da20d] output={null}]]]>
              </value>
            </param>
          </params>
          <reporter-output>
          </reporter-output>
        </test-method> <!-- generateTestStatus -->
        <test-method is-config="true" signature="OpenApp()[pri:0, instance:com.redbus.qa.testpages.Homepagetest@209da20d]" started-at="2023-10-12T17:44:04 IST" name="OpenApp" finished-at="2023-10-12T17:44:08 IST" duration-ms="3305" status="PASS">
          <reporter-output>
          </reporter-output>
        </test-method> <!-- OpenApp -->
        <test-method signature="testsearch()[pri:53, instance:com.redbus.qa.testpages.Homepagetest@209da20d]" started-at="2023-10-12T17:44:08 IST" name="testsearch" finished-at="2023-10-12T17:44:18 IST" duration-ms="10088" status="PASS">
          <reporter-output>
          </reporter-output>
        </test-method> <!-- testsearch -->
        <test-method is-config="true" signature="CloseApp()[pri:0, instance:com.redbus.qa.testpages.Homepagetest@209da20d]" started-at="2023-10-12T17:44:18 IST" name="CloseApp" finished-at="2023-10-12T17:44:18 IST" duration-ms="255" status="PASS">
          <reporter-output>
          </reporter-output>
        </test-method> <!-- CloseApp -->
        <test-method is-config="true" signature="generateTestStatus(java.lang.reflect.Method,org.testng.ITestResult)[pri:0, instance:com.redbus.qa.testpages.Homepagetest@209da20d]" started-at="2023-10-12T17:44:18 IST" name="generateTestStatus" finished-at="2023-10-12T17:44:18 IST" duration-ms="0" status="PASS">
          <params>
            <param index="0">
              <value>
                <![CDATA[public void com.redbus.qa.testpages.Homepagetest.testsearch() throws java.lang.InterruptedException]]>
              </value>
            </param>
            <param index="1">
              <value>
                <![CDATA[[TestResult name=testsearch status=SUCCESS method=Homepagetest.testsearch()[pri:53, instance:com.redbus.qa.testpages.Homepagetest@209da20d] output={null}]]]>
              </value>
            </param>
          </params>
          <reporter-output>
          </reporter-output>
        </test-method> <!-- generateTestStatus -->
        <test-method is-config="true" signature="generateReports()[pri:0, instance:com.redbus.qa.testpages.Homepagetest@209da20d]" started-at="2023-10-12T17:44:18 IST" name="generateReports" finished-at="2023-10-12T17:44:19 IST" duration-ms="555" status="PASS">
          <reporter-output>
          </reporter-output>
        </test-method> <!-- generateReports -->
      </class> <!-- com.redbus.qa.testpages.Homepagetest -->
    </test> <!-- RedBusPOMFramework -->
  </suite> <!-- Test1 -->
</testng-results>
