<?xml version="1.0" encoding="UTF-8"?>
<testng-results ignored="0" total="5" passed="5" failed="0" skipped="0">
  <reporter-output>
  </reporter-output>
  <suite started-at="2023-10-12T17:36:17 IST" name="Test1" finished-at="2023-10-12T17:37:27 IST" duration-ms="69755">
    <groups>
    </groups>
    <test started-at="2023-10-12T17:36:17 IST" name="RedBusPOMFramework" finished-at="2023-10-12T17:37:27 IST" duration-ms="69755">
      <class name="com.redbus.qa.testpages.Homepagetest">
        <test-method is-config="true" signature="InitalizeExtentReport()[pri:0, instance:com.redbus.qa.testpages.Homepagetest@5d0bf09b]" started-at="2023-10-12T17:36:17 IST" name="InitalizeExtentReport" finished-at="2023-10-12T17:36:17 IST" duration-ms="297" status="PASS">
          <reporter-output>
          </reporter-output>
        </test-method> <!-- InitalizeExtentReport -->
        <test-method is-config="true" signature="getnameMethod(org.testng.ITestContext)[pri:0, instance:com.redbus.qa.testpages.Homepagetest@5d0bf09b]" started-at="2023-10-12T17:36:17 IST" name="getnameMethod" finished-at="2023-10-12T17:36:17 IST" duration-ms="9" status="PASS">
          <params>
            <param index="0">
              <value>
                <![CDATA[org.testng.TestRunner@2a7d9b41]]>
              </value>
            </param>
          </params>
          <reporter-output>
          </reporter-output>
        </test-method> <!-- getnameMethod -->
        <test-method is-config="true" signature="OpenApp()[pri:0, instance:com.redbus.qa.testpages.Homepagetest@5d0bf09b]" started-at="2023-10-12T17:36:17 IST" name="OpenApp" finished-at="2023-10-12T17:36:23 IST" duration-ms="5901" status="PASS">
          <reporter-output>
          </reporter-output>
        </test-method> <!-- OpenApp -->
        <test-method signature="testTitle()[pri:49, instance:com.redbus.qa.testpages.Homepagetest@5d0bf09b]" started-at="2023-10-12T17:36:23 IST" name="testTitle" finished-at="2023-10-12T17:36:30 IST" duration-ms="6950" status="PASS">
          <reporter-output>
          </reporter-output>
        </test-method> <!-- testTitle -->
        <test-method is-config="true" signature="CloseApp()[pri:0, instance:com.redbus.qa.testpages.Homepagetest@5d0bf09b]" started-at="2023-10-12T17:36:30 IST" name="CloseApp" finished-at="2023-10-12T17:36:30 IST" duration-ms="195" status="PASS">
          <reporter-output>
          </reporter-output>
        </test-method> <!-- CloseApp -->
        <test-method is-config="true" signature="generateTestStatus(java.lang.reflect.Method,org.testng.ITestResult)[pri:0, instance:com.redbus.qa.testpages.Homepagetest@5d0bf09b]" started-at="2023-10-12T17:36:30 IST" name="generateTestStatus" finished-at="2023-10-12T17:36:30 IST" duration-ms="2" status="PASS">
          <params>
            <param index="0">
              <value>
                <![CDATA[public void com.redbus.qa.testpages.Homepagetest.testTitle() throws java.lang.InterruptedException]]>
              </value>
            </param>
            <param index="1">
              <value>
                <![CDATA[[TestResult name=testTitle status=SUCCESS method=Homepagetest.testTitle()[pri:49, instance:com.redbus.qa.testpages.Homepagetest@5d0bf09b] output={null}]]]>
              </value>
            </param>
          </params>
          <reporter-output>
          </reporter-output>
        </test-method> <!-- generateTestStatus -->
        <test-method is-config="true" signature="OpenApp()[pri:0, instance:com.redbus.qa.testpages.Homepagetest@5d0bf09b]" started-at="2023-10-12T17:36:30 IST" name="OpenApp" finished-at="2023-10-12T17:36:34 IST" duration-ms="3670" status="PASS">
          <reporter-output>
          </reporter-output>
        </test-method> <!-- OpenApp -->
        <test-method signature="testsource()[pri:50, instance:com.redbus.qa.testpages.Homepagetest@5d0bf09b]" started-at="2023-10-12T17:36:34 IST" name="testsource" finished-at="2023-10-12T17:36:44 IST" duration-ms="10155" status="PASS">
          <reporter-output>
          </reporter-output>
        </test-method> <!-- testsource -->
        <test-method is-config="true" signature="CloseApp()[pri:0, instance:com.redbus.qa.testpages.Homepagetest@5d0bf09b]" started-at="2023-10-12T17:36:44 IST" name="CloseApp" finished-at="2023-10-12T17:36:44 IST" duration-ms="191" status="PASS">
          <reporter-output>
          </reporter-output>
        </test-method> <!-- CloseApp -->
        <test-method is-config="true" signature="generateTestStatus(java.lang.reflect.Method,org.testng.ITestResult)[pri:0, instance:com.redbus.qa.testpages.Homepagetest@5d0bf09b]" started-at="2023-10-12T17:36:44 IST" name="generateTestStatus" finished-at="2023-10-12T17:36:44 IST" duration-ms="0" status="PASS">
          <params>
            <param index="0">
              <value>
                <![CDATA[public void com.redbus.qa.testpages.Homepagetest.testsource() throws java.lang.InterruptedException]]>
              </value>
            </param>
            <param index="1">
              <value>
                <![CDATA[[TestResult name=testsource status=SUCCESS method=Homepagetest.testsource()[pri:50, instance:com.redbus.qa.testpages.Homepagetest@5d0bf09b] output={null}]]]>
              </value>
            </param>
          </params>
          <reporter-output>
          </reporter-output>
        </test-method> <!-- generateTestStatus -->
        <test-method is-config="true" signature="OpenApp()[pri:0, instance:com.redbus.qa.testpages.Homepagetest@5d0bf09b]" started-at="2023-10-12T17:36:44 IST" name="OpenApp" finished-at="2023-10-12T17:36:48 IST" duration-ms="3590" status="PASS">
          <reporter-output>
          </reporter-output>
        </test-method> <!-- OpenApp -->
        <test-method signature="testdestination()[pri:51, instance:com.redbus.qa.testpages.Homepagetest@5d0bf09b]" started-at="2023-10-12T17:36:48 IST" name="testdestination" finished-at="2023-10-12T17:36:58 IST" duration-ms="10147" status="PASS">
          <reporter-output>
          </reporter-output>
        </test-method> <!-- testdestination -->
        <test-method is-config="true" signature="CloseApp()[pri:0, instance:com.redbus.qa.testpages.Homepagetest@5d0bf09b]" started-at="2023-10-12T17:36:58 IST" name="CloseApp" finished-at="2023-10-12T17:36:58 IST" duration-ms="255" status="PASS">
          <reporter-output>
          </reporter-output>
        </test-method> <!-- CloseApp -->
        <test-method is-config="true" signature="OpenApp()[pri:0, instance:com.redbus.qa.testpages.Homepagetest@5d0bf09b]" started-at="2023-10-12T17:36:58 IST" name="OpenApp" finished-at="2023-10-12T17:37:02 IST" duration-ms="3549" status="PASS">
          <reporter-output>
          </reporter-output>
        </test-method> <!-- OpenApp -->
        <test-method is-config="true" signature="generateTestStatus(java.lang.reflect.Method,org.testng.ITestResult)[pri:0, instance:com.redbus.qa.testpages.Homepagetest@5d0bf09b]" started-at="2023-10-12T17:36:58 IST" name="generateTestStatus" finished-at="2023-10-12T17:36:58 IST" duration-ms="0" status="PASS">
          <params>
            <param index="0">
              <value>
                <![CDATA[public void com.redbus.qa.testpages.Homepagetest.testdestination() throws java.lang.InterruptedException]]>
              </value>
            </param>
            <param index="1">
              <value>
                <![CDATA[[TestResult name=testdestination status=SUCCESS method=Homepagetest.testdestination()[pri:51, instance:com.redbus.qa.testpages.Homepagetest@5d0bf09b] output={null}]]]>
              </value>
            </param>
          </params>
          <reporter-output>
          </reporter-output>
        </test-method> <!-- generateTestStatus -->
        <test-method signature="testdate()[pri:52, instance:com.redbus.qa.testpages.Homepagetest@5d0bf09b]" started-at="2023-10-12T17:37:02 IST" name="testdate" finished-at="2023-10-12T17:37:13 IST" duration-ms="11201" status="PASS">
          <reporter-output>
          </reporter-output>
        </test-method> <!-- testdate -->
        <test-method is-config="true" signature="CloseApp()[pri:0, instance:com.redbus.qa.testpages.Homepagetest@5d0bf09b]" started-at="2023-10-12T17:37:13 IST" name="CloseApp" finished-at="2023-10-12T17:37:13 IST" duration-ms="250" status="PASS">
          <reporter-output>
          </reporter-output>
        </test-method> <!-- CloseApp -->
        <test-method is-config="true" signature="generateTestStatus(java.lang.reflect.Method,org.testng.ITestResult)[pri:0, instance:com.redbus.qa.testpages.Homepagetest@5d0bf09b]" started-at="2023-10-12T17:37:13 IST" name="generateTestStatus" finished-at="2023-10-12T17:37:13 IST" duration-ms="0" status="PASS">
          <params>
            <param index="0">
              <value>
                <![CDATA[public void com.redbus.qa.testpages.Homepagetest.testdate() throws java.lang.InterruptedException]]>
              </value>
            </param>
            <param index="1">
              <value>
                <![CDATA[[TestResult name=testdate status=SUCCESS method=Homepagetest.testdate()[pri:52, instance:com.redbus.qa.testpages.Homepagetest@5d0bf09b] output={null}]]]>
              </value>
            </param>
          </params>
          <reporter-output>
          </reporter-output>
        </test-method> <!-- generateTestStatus -->
        <test-method is-config="true" signature="OpenApp()[pri:0, instance:com.redbus.qa.testpages.Homepagetest@5d0bf09b]" started-at="2023-10-12T17:37:13 IST" name="OpenApp" finished-at="2023-10-12T17:37:15 IST" duration-ms="1592" status="PASS">
          <reporter-output>
          </reporter-output>
        </test-method> <!-- OpenApp -->
        <test-method signature="testsearch()[pri:53, instance:com.redbus.qa.testpages.Homepagetest@5d0bf09b]" started-at="2023-10-12T17:37:15 IST" name="testsearch" finished-at="2023-10-12T17:37:27 IST" duration-ms="11809" status="PASS">
          <reporter-output>
          </reporter-output>
        </test-method> <!-- testsearch -->
        <test-method is-config="true" signature="CloseApp()[pri:0, instance:com.redbus.qa.testpages.Homepagetest@5d0bf09b]" started-at="2023-10-12T17:37:27 IST" name="CloseApp" finished-at="2023-10-12T17:37:27 IST" duration-ms="246" status="PASS">
          <reporter-output>
          </reporter-output>
        </test-method> <!-- CloseApp -->
        <test-method is-config="true" signature="generateTestStatus(java.lang.reflect.Method,org.testng.ITestResult)[pri:0, instance:com.redbus.qa.testpages.Homepagetest@5d0bf09b]" started-at="2023-10-12T17:37:27 IST" name="generateTestStatus" finished-at="2023-10-12T17:37:27 IST" duration-ms="0" status="PASS">
          <params>
            <param index="0">
              <value>
                <![CDATA[public void com.redbus.qa.testpages.Homepagetest.testsearch() throws java.lang.InterruptedException]]>
              </value>
            </param>
            <param index="1">
              <value>
                <![CDATA[[TestResult name=testsearch status=SUCCESS method=Homepagetest.testsearch()[pri:53, instance:com.redbus.qa.testpages.Homepagetest@5d0bf09b] output={null}]]]>
              </value>
            </param>
          </params>
          <reporter-output>
          </reporter-output>
        </test-method> <!-- generateTestStatus -->
        <test-method is-config="true" signature="generateReports()[pri:0, instance:com.redbus.qa.testpages.Homepagetest@5d0bf09b]" started-at="2023-10-12T17:37:27 IST" name="generateReports" finished-at="2023-10-12T17:37:28 IST" duration-ms="759" status="PASS">
          <reporter-output>
          </reporter-output>
        </test-method> <!-- generateReports -->
      </class> <!-- com.redbus.qa.testpages.Homepagetest -->
    </test> <!-- RedBusPOMFramework -->
  </suite> <!-- Test1 -->
</testng-results>
