<?xml version="1.0" encoding="UTF-8"?>
<!-- Generated by org.testng.reporters.JUnitXMLReporter -->
<testsuite ignored="0" hostname="LAPTOP-UN0G5FL5" failures="0" tests="5" name="RedBusPOMFramework" time="69.755" errors="0" timestamp="2023-10-12T17:37:27 IST">
  <testcase classname="com.redbus.qa.testpages.Homepagetest" name="testTitle" time="6.95"/>
  <testcase classname="com.redbus.qa.testpages.Homepagetest" name="testsource" time="10.155"/>
  <testcase classname="com.redbus.qa.testpages.Homepagetest" name="testdestination" time="10.147"/>
  <testcase classname="com.redbus.qa.testpages.Homepagetest" name="testdate" time="11.201"/>
  <testcase classname="com.redbus.qa.testpages.Homepagetest" name="testsearch" time="11.809"/>
</testsuite> <!-- RedBusPOMFramework -->
